<?xml version="1.0" encoding="UTF-8"?>
<testng-results skipped="0" failed="0" total="1" passed="1">
  <reporter-output>
  </reporter-output>
  <suite name="Default suite" duration-ms="22744" started-at="2020-03-13T14:28:48Z" finished-at="2020-03-13T14:29:11Z">
    <groups>
    </groups>
    <test name="Default test" duration-ms="22744" started-at="2020-03-13T14:28:48Z" finished-at="2020-03-13T14:29:11Z">
      <class name="test.testorderpage">
        <test-method status="PASS" signature="comparetotalprice()[pri:0, instance:test.testorderpage@49c7b90e]" name="comparetotalprice" duration-ms="22684" started-at="2020-03-13T19:58:48Z" finished-at="2020-03-13T19:59:11Z">
          <reporter-output>
          </reporter-output>
        </test-method> <!-- comparetotalprice -->
      </class> <!-- test.testorderpage -->
    </test> <!-- Default test -->
  </suite> <!-- Default suite -->
</testng-results>
